app/build/intermediates/manifest_merge_blame_file/debug/manifest-merger-blame-debug-report.txt
1<?xml version="1.0" encoding="utf-8"?>
2<manifest xmlns:android="http://schemas.android.com/apk/res/android"
3    package="com.murach.tasklist"
4    android:versionCode="1"
5    android:versionName="1.0" >
6
7    <uses-sdk
8        android:minSdkVersion="15"
8-->src\main\AndroidManifest.xml
9        android:targetSdkVersion="23" />
9-->src\main\AndroidManifest.xml
10
11    <application
11-->src\main\AndroidManifest.xml:6:5-27:19
12        android:allowBackup="true"
12-->src\main\AndroidManifest.xml:10:9-35
13        android:debuggable="true"
14        android:icon="@drawable/ic_launcher"
14-->src\main\AndroidManifest.xml:7:9-45
15        android:label="@string/app_name"
15-->src\main\AndroidManifest.xml:8:9-41
16        android:testOnly="true"
17        android:theme="@style/AppTheme" >
17-->src\main\AndroidManifest.xml:9:9-40
18        <activity android:name="com.murach.tasklist.TaskListActivity" >
18-->src\main\AndroidManifest.xml:12:9-17:20
18-->src\main\AndroidManifest.xml:12:19-70
19            <intent-filter>
19-->src\main\AndroidManifest.xml:13:13-16:29
20                <action android:name="android.intent.action.MAIN" />
20-->src\main\AndroidManifest.xml:14:17-69
20-->src\main\AndroidManifest.xml:14:25-66
21
22                <category android:name="android.intent.category.LAUNCHER" />
22-->src\main\AndroidManifest.xml:15:17-77
22-->src\main\AndroidManifest.xml:15:27-74
23            </intent-filter>
24        </activity>
25        <activity android:name="com.murach.tasklist.AddEditActivity" >
25-->src\main\AndroidManifest.xml:18:9-19:20
25-->src\main\AndroidManifest.xml:18:19-69
26        </activity>
27
28        <provider
28-->src\main\AndroidManifest.xml:21:9-25:20
29            android:name="com.murach.tasklist.TaskListProvider"
29-->src\main\AndroidManifest.xml:22:13-64
30            android:authorities="com.murach.tasklist.provider"
30-->src\main\AndroidManifest.xml:23:13-63
31            android:exported="true" >
31-->src\main\AndroidManifest.xml:24:13-36
32        </provider>
33    </application>
34
35</manifest>